<?xml version="1.0" encoding="UTF-8"?>
<!-- Generated by org.testng.reporters.JUnitReportReporter -->
<testsuite hostname="LTIN486675" failures="0" tests="2" name="testCases.TC4enterprises" time="16.780" errors="0" timestamp="2024-04-06T15:01:54 IST" skipped="0">
  <testcase classname="testCases.TC4enterprises" name="forEnterprise" time="14.259"/>
  <testcase classname="testCases.TC4enterprises" name="submitForm" time="2.521"/>
</testsuite> <!-- testCases.TC4enterprises -->
