<?xml version="1.0" encoding="UTF-8"?>
<!-- Generated by org.testng.reporters.JUnitReportReporter -->
<testsuite hostname="LTIN486675" failures="0" tests="2" name="testCases.TC3Languagelearn" time="37.100" errors="0" timestamp="2024-04-06T15:01:54 IST" skipped="0">
  <testcase classname="testCases.TC3Languagelearn" name="searchbox" time="5.100"/>
  <testcase classname="testCases.TC3Languagelearn" name="languagescourses" time="32.000"/>
</testsuite> <!-- testCases.TC3Languagelearn -->
