<?xml version="1.0" encoding="UTF-8"?>
<!-- Generated by org.testng.reporters.JUnitReportReporter -->
<testsuite hostname="LTIN486675" failures="0" tests="6" name="testCases.Test_001_CourseraSearchWebDev" time="24.300" errors="0" timestamp="2024-04-06T15:01:54 IST" skipped="0">
  <testcase classname="testCases.Test_001_CourseraSearchWebDev" name="searchForCourses" time="5.358"/>
  <testcase classname="testCases.Test_001_CourseraSearchWebDev" name="Applyfilters" time="3.544"/>
  <testcase classname="testCases.Test_001_CourseraSearchWebDev" name="selectFirstCourse" time="3.889"/>
  <testcase classname="testCases.Test_001_CourseraSearchWebDev" name="getFirstCourseData" time="5.852"/>
  <testcase classname="testCases.Test_001_CourseraSearchWebDev" name="selectSecondCourse" time="0.219"/>
  <testcase classname="testCases.Test_001_CourseraSearchWebDev" name="getSecondCourseData" time="5.438"/>
</testsuite> <!-- testCases.Test_001_CourseraSearchWebDev -->
