<?xml version="1.0" encoding="UTF-8"?>
<!-- Generated by org.testng.reporters.JUnitReportReporter -->
<testsuite hostname="LTIN486675" failures="0" tests="6" name="testCases.Test_001_CourseraSearchWebDev" time="24.616" errors="0" timestamp="2024-04-05T22:48:01 IST" skipped="0">
  <testcase classname="testCases.Test_001_CourseraSearchWebDev" name="searchForCourses" time="5.164"/>
  <testcase classname="testCases.Test_001_CourseraSearchWebDev" name="Applyfilters" time="4.060"/>
  <testcase classname="testCases.Test_001_CourseraSearchWebDev" name="selectFirstCourse" time="4.122"/>
  <testcase classname="testCases.Test_001_CourseraSearchWebDev" name="getFirstCourseData" time="5.812"/>
  <testcase classname="testCases.Test_001_CourseraSearchWebDev" name="selectSecondCourse" time="0.147"/>
  <testcase classname="testCases.Test_001_CourseraSearchWebDev" name="getSecondCourseData" time="5.311"/>
</testsuite> <!-- testCases.Test_001_CourseraSearchWebDev -->
