<?xml version="1.0" encoding="UTF-8"?>
<!-- Generated by org.testng.reporters.JUnitReportReporter -->
<testsuite hostname="LTIN486675" failures="0" tests="1" name="testCases.Test_001_CourseraSearchWebDev" time="23.225" errors="0" timestamp="2024-04-03T17:51:34 IST" skipped="0">
  <testcase classname="testCases.Test_001_CourseraSearchWebDev" name="searchCourses" time="23.225"/>
</testsuite> <!-- testCases.Test_001_CourseraSearchWebDev -->
