<?xml version="1.0" encoding="UTF-8"?>
<!-- Generated by org.testng.reporters.JUnitReportReporter -->
<testsuite hostname="LTIN486675" failures="0" tests="1" name="testCases.Test_001_CourseraSearchWebDev" time="24.518" errors="0" timestamp="2024-04-04T14:54:48 IST" skipped="0">
  <testcase classname="testCases.Test_001_CourseraSearchWebDev" name="searchCourses" time="24.518"/>
</testsuite> <!-- testCases.Test_001_CourseraSearchWebDev -->
