<?xml version="1.0" encoding="UTF-8"?>
<!-- Generated by org.testng.reporters.JUnitReportReporter -->
<testsuite hostname="LTIN486675" failures="0" tests="2" name="testCases.TC3Languagelearn" time="34.857" errors="0" timestamp="2024-04-05T22:48:01 IST" skipped="0">
  <testcase classname="testCases.TC3Languagelearn" name="searchbox" time="5.227"/>
  <testcase classname="testCases.TC3Languagelearn" name="languagescourses" time="29.630"/>
</testsuite> <!-- testCases.TC3Languagelearn -->
