<?xml version="1.0" encoding="UTF-8"?>
<!-- Generated by org.testng.reporters.JUnitReportReporter -->
<testsuite hostname="LTIN486675" failures="0" tests="2" name="testCases.TC4enterprises" time="15.808" errors="0" timestamp="2024-04-05T22:48:01 IST" skipped="0">
  <testcase classname="testCases.TC4enterprises" name="forEnterprise" time="13.825"/>
  <testcase classname="testCases.TC4enterprises" name="submitForm" time="1.983"/>
</testsuite> <!-- testCases.TC4enterprises -->
